  house.cpp
D:\Plymouth\COMP3016\CW2\Yard_OpenGL-master\Yard_OpenGL\ConsoleApplication1\house.cpp(81,33): warning C4244: “参数”: 从“const GLfloat”转换到“GLenum”，可能丢失数据
D:\Plymouth\COMP3016\CW2\Yard_OpenGL-master\Yard_OpenGL\ConsoleApplication1\house.cpp(163,43): warning C4244: “参数”: 从“double”转换到“GLfloat”，可能丢失数据
D:\Plymouth\COMP3016\CW2\Yard_OpenGL-master\Yard_OpenGL\ConsoleApplication1\house.cpp(163,32): warning C4244: “参数”: 从“double”转换到“GLfloat”，可能丢失数据
D:\Plymouth\COMP3016\CW2\Yard_OpenGL-master\Yard_OpenGL\ConsoleApplication1\house.cpp(163,21): warning C4244: “参数”: 从“double”转换到“GLfloat”，可能丢失数据
D:\Plymouth\COMP3016\CW2\Yard_OpenGL-master\Yard_OpenGL\ConsoleApplication1\house.cpp(164,43): warning C4244: “参数”: 从“double”转换到“GLfloat”，可能丢失数据
D:\Plymouth\COMP3016\CW2\Yard_OpenGL-master\Yard_OpenGL\ConsoleApplication1\house.cpp(164,32): warning C4244: “参数”: 从“double”转换到“GLfloat”，可能丢失数据
D:\Plymouth\COMP3016\CW2\Yard_OpenGL-master\Yard_OpenGL\ConsoleApplication1\house.cpp(164,21): warning C4244: “参数”: 从“double”转换到“GLfloat”，可能丢失数据
D:\Plymouth\COMP3016\CW2\Yard_OpenGL-master\Yard_OpenGL\ConsoleApplication1\house.cpp(165,43): warning C4244: “参数”: 从“double”转换到“GLfloat”，可能丢失数据
D:\Plymouth\COMP3016\CW2\Yard_OpenGL-master\Yard_OpenGL\ConsoleApplication1\house.cpp(165,32): warning C4244: “参数”: 从“double”转换到“GLfloat”，可能丢失数据
D:\Plymouth\COMP3016\CW2\Yard_OpenGL-master\Yard_OpenGL\ConsoleApplication1\house.cpp(165,21): warning C4244: “参数”: 从“double”转换到“GLfloat”，可能丢失数据
D:\Plymouth\COMP3016\CW2\Yard_OpenGL-master\Yard_OpenGL\ConsoleApplication1\house.cpp(166,43): warning C4244: “参数”: 从“double”转换到“GLfloat”，可能丢失数据
D:\Plymouth\COMP3016\CW2\Yard_OpenGL-master\Yard_OpenGL\ConsoleApplication1\house.cpp(166,32): warning C4244: “参数”: 从“double”转换到“GLfloat”，可能丢失数据
D:\Plymouth\COMP3016\CW2\Yard_OpenGL-master\Yard_OpenGL\ConsoleApplication1\house.cpp(166,21): warning C4244: “参数”: 从“double”转换到“GLfloat”，可能丢失数据
D:\Plymouth\COMP3016\CW2\Yard_OpenGL-master\Yard_OpenGL\ConsoleApplication1\house.cpp(172,43): warning C4244: “参数”: 从“double”转换到“GLfloat”，可能丢失数据
D:\Plymouth\COMP3016\CW2\Yard_OpenGL-master\Yard_OpenGL\ConsoleApplication1\house.cpp(172,32): warning C4244: “参数”: 从“double”转换到“GLfloat”，可能丢失数据
D:\Plymouth\COMP3016\CW2\Yard_OpenGL-master\Yard_OpenGL\ConsoleApplication1\house.cpp(172,21): warning C4244: “参数”: 从“double”转换到“GLfloat”，可能丢失数据
D:\Plymouth\COMP3016\CW2\Yard_OpenGL-master\Yard_OpenGL\ConsoleApplication1\house.cpp(173,43): warning C4244: “参数”: 从“double”转换到“GLfloat”，可能丢失数据
D:\Plymouth\COMP3016\CW2\Yard_OpenGL-master\Yard_OpenGL\ConsoleApplication1\house.cpp(173,32): warning C4244: “参数”: 从“double”转换到“GLfloat”，可能丢失数据
D:\Plymouth\COMP3016\CW2\Yard_OpenGL-master\Yard_OpenGL\ConsoleApplication1\house.cpp(173,21): warning C4244: “参数”: 从“double”转换到“GLfloat”，可能丢失数据
D:\Plymouth\COMP3016\CW2\Yard_OpenGL-master\Yard_OpenGL\ConsoleApplication1\house.cpp(174,43): warning C4244: “参数”: 从“double”转换到“GLfloat”，可能丢失数据
D:\Plymouth\COMP3016\CW2\Yard_OpenGL-master\Yard_OpenGL\ConsoleApplication1\house.cpp(174,32): warning C4244: “参数”: 从“double”转换到“GLfloat”，可能丢失数据
D:\Plymouth\COMP3016\CW2\Yard_OpenGL-master\Yard_OpenGL\ConsoleApplication1\house.cpp(174,21): warning C4244: “参数”: 从“double”转换到“GLfloat”，可能丢失数据
D:\Plymouth\COMP3016\CW2\Yard_OpenGL-master\Yard_OpenGL\ConsoleApplication1\house.cpp(175,43): warning C4244: “参数”: 从“double”转换到“GLfloat”，可能丢失数据
D:\Plymouth\COMP3016\CW2\Yard_OpenGL-master\Yard_OpenGL\ConsoleApplication1\house.cpp(175,32): warning C4244: “参数”: 从“double”转换到“GLfloat”，可能丢失数据
D:\Plymouth\COMP3016\CW2\Yard_OpenGL-master\Yard_OpenGL\ConsoleApplication1\house.cpp(175,21): warning C4244: “参数”: 从“double”转换到“GLfloat”，可能丢失数据
D:\Plymouth\COMP3016\CW2\Yard_OpenGL-master\Yard_OpenGL\ConsoleApplication1\house.cpp(181,43): warning C4244: “参数”: 从“double”转换到“GLfloat”，可能丢失数据
D:\Plymouth\COMP3016\CW2\Yard_OpenGL-master\Yard_OpenGL\ConsoleApplication1\house.cpp(181,32): warning C4244: “参数”: 从“double”转换到“GLfloat”，可能丢失数据
D:\Plymouth\COMP3016\CW2\Yard_OpenGL-master\Yard_OpenGL\ConsoleApplication1\house.cpp(181,21): warning C4244: “参数”: 从“double”转换到“GLfloat”，可能丢失数据
D:\Plymouth\COMP3016\CW2\Yard_OpenGL-master\Yard_OpenGL\ConsoleApplication1\house.cpp(182,43): warning C4244: “参数”: 从“double”转换到“GLfloat”，可能丢失数据
D:\Plymouth\COMP3016\CW2\Yard_OpenGL-master\Yard_OpenGL\ConsoleApplication1\house.cpp(182,32): warning C4244: “参数”: 从“double”转换到“GLfloat”，可能丢失数据
D:\Plymouth\COMP3016\CW2\Yard_OpenGL-master\Yard_OpenGL\ConsoleApplication1\house.cpp(182,21): warning C4244: “参数”: 从“double”转换到“GLfloat”，可能丢失数据
D:\Plymouth\COMP3016\CW2\Yard_OpenGL-master\Yard_OpenGL\ConsoleApplication1\house.cpp(183,43): warning C4244: “参数”: 从“double”转换到“GLfloat”，可能丢失数据
D:\Plymouth\COMP3016\CW2\Yard_OpenGL-master\Yard_OpenGL\ConsoleApplication1\house.cpp(183,32): warning C4244: “参数”: 从“double”转换到“GLfloat”，可能丢失数据
D:\Plymouth\COMP3016\CW2\Yard_OpenGL-master\Yard_OpenGL\ConsoleApplication1\house.cpp(183,21): warning C4244: “参数”: 从“double”转换到“GLfloat”，可能丢失数据
D:\Plymouth\COMP3016\CW2\Yard_OpenGL-master\Yard_OpenGL\ConsoleApplication1\house.cpp(184,43): warning C4244: “参数”: 从“double”转换到“GLfloat”，可能丢失数据
D:\Plymouth\COMP3016\CW2\Yard_OpenGL-master\Yard_OpenGL\ConsoleApplication1\house.cpp(184,32): warning C4244: “参数”: 从“double”转换到“GLfloat”，可能丢失数据
D:\Plymouth\COMP3016\CW2\Yard_OpenGL-master\Yard_OpenGL\ConsoleApplication1\house.cpp(184,21): warning C4244: “参数”: 从“double”转换到“GLfloat”，可能丢失数据
D:\Plymouth\COMP3016\CW2\Yard_OpenGL-master\Yard_OpenGL\ConsoleApplication1\house.cpp(190,43): warning C4244: “参数”: 从“double”转换到“GLfloat”，可能丢失数据
D:\Plymouth\COMP3016\CW2\Yard_OpenGL-master\Yard_OpenGL\ConsoleApplication1\house.cpp(190,32): warning C4244: “参数”: 从“double”转换到“GLfloat”，可能丢失数据
D:\Plymouth\COMP3016\CW2\Yard_OpenGL-master\Yard_OpenGL\ConsoleApplication1\house.cpp(190,21): warning C4244: “参数”: 从“double”转换到“GLfloat”，可能丢失数据
D:\Plymouth\COMP3016\CW2\Yard_OpenGL-master\Yard_OpenGL\ConsoleApplication1\house.cpp(191,43): warning C4244: “参数”: 从“double”转换到“GLfloat”，可能丢失数据
D:\Plymouth\COMP3016\CW2\Yard_OpenGL-master\Yard_OpenGL\ConsoleApplication1\house.cpp(191,32): warning C4244: “参数”: 从“double”转换到“GLfloat”，可能丢失数据
D:\Plymouth\COMP3016\CW2\Yard_OpenGL-master\Yard_OpenGL\ConsoleApplication1\house.cpp(191,21): warning C4244: “参数”: 从“double”转换到“GLfloat”，可能丢失数据
D:\Plymouth\COMP3016\CW2\Yard_OpenGL-master\Yard_OpenGL\ConsoleApplication1\house.cpp(192,43): warning C4244: “参数”: 从“double”转换到“GLfloat”，可能丢失数据
D:\Plymouth\COMP3016\CW2\Yard_OpenGL-master\Yard_OpenGL\ConsoleApplication1\house.cpp(192,32): warning C4244: “参数”: 从“double”转换到“GLfloat”，可能丢失数据
D:\Plymouth\COMP3016\CW2\Yard_OpenGL-master\Yard_OpenGL\ConsoleApplication1\house.cpp(192,21): warning C4244: “参数”: 从“double”转换到“GLfloat”，可能丢失数据
D:\Plymouth\COMP3016\CW2\Yard_OpenGL-master\Yard_OpenGL\ConsoleApplication1\house.cpp(193,43): warning C4244: “参数”: 从“double”转换到“GLfloat”，可能丢失数据
D:\Plymouth\COMP3016\CW2\Yard_OpenGL-master\Yard_OpenGL\ConsoleApplication1\house.cpp(193,32): warning C4244: “参数”: 从“double”转换到“GLfloat”，可能丢失数据
D:\Plymouth\COMP3016\CW2\Yard_OpenGL-master\Yard_OpenGL\ConsoleApplication1\house.cpp(193,21): warning C4244: “参数”: 从“double”转换到“GLfloat”，可能丢失数据
D:\Plymouth\COMP3016\CW2\Yard_OpenGL-master\Yard_OpenGL\ConsoleApplication1\house.cpp(199,43): warning C4244: “参数”: 从“double”转换到“GLfloat”，可能丢失数据
D:\Plymouth\COMP3016\CW2\Yard_OpenGL-master\Yard_OpenGL\ConsoleApplication1\house.cpp(199,32): warning C4244: “参数”: 从“double”转换到“GLfloat”，可能丢失数据
D:\Plymouth\COMP3016\CW2\Yard_OpenGL-master\Yard_OpenGL\ConsoleApplication1\house.cpp(199,21): warning C4244: “参数”: 从“double”转换到“GLfloat”，可能丢失数据
D:\Plymouth\COMP3016\CW2\Yard_OpenGL-master\Yard_OpenGL\ConsoleApplication1\house.cpp(200,43): warning C4244: “参数”: 从“double”转换到“GLfloat”，可能丢失数据
D:\Plymouth\COMP3016\CW2\Yard_OpenGL-master\Yard_OpenGL\ConsoleApplication1\house.cpp(200,32): warning C4244: “参数”: 从“double”转换到“GLfloat”，可能丢失数据
D:\Plymouth\COMP3016\CW2\Yard_OpenGL-master\Yard_OpenGL\ConsoleApplication1\house.cpp(200,21): warning C4244: “参数”: 从“double”转换到“GLfloat”，可能丢失数据
D:\Plymouth\COMP3016\CW2\Yard_OpenGL-master\Yard_OpenGL\ConsoleApplication1\house.cpp(201,43): warning C4244: “参数”: 从“double”转换到“GLfloat”，可能丢失数据
D:\Plymouth\COMP3016\CW2\Yard_OpenGL-master\Yard_OpenGL\ConsoleApplication1\house.cpp(201,32): warning C4244: “参数”: 从“double”转换到“GLfloat”，可能丢失数据
D:\Plymouth\COMP3016\CW2\Yard_OpenGL-master\Yard_OpenGL\ConsoleApplication1\house.cpp(201,21): warning C4244: “参数”: 从“double”转换到“GLfloat”，可能丢失数据
D:\Plymouth\COMP3016\CW2\Yard_OpenGL-master\Yard_OpenGL\ConsoleApplication1\house.cpp(202,43): warning C4244: “参数”: 从“double”转换到“GLfloat”，可能丢失数据
D:\Plymouth\COMP3016\CW2\Yard_OpenGL-master\Yard_OpenGL\ConsoleApplication1\house.cpp(202,32): warning C4244: “参数”: 从“double”转换到“GLfloat”，可能丢失数据
D:\Plymouth\COMP3016\CW2\Yard_OpenGL-master\Yard_OpenGL\ConsoleApplication1\house.cpp(202,21): warning C4244: “参数”: 从“double”转换到“GLfloat”，可能丢失数据
D:\Plymouth\COMP3016\CW2\Yard_OpenGL-master\Yard_OpenGL\ConsoleApplication1\house.cpp(208,43): warning C4244: “参数”: 从“double”转换到“GLfloat”，可能丢失数据
D:\Plymouth\COMP3016\CW2\Yard_OpenGL-master\Yard_OpenGL\ConsoleApplication1\house.cpp(208,32): warning C4244: “参数”: 从“double”转换到“GLfloat”，可能丢失数据
D:\Plymouth\COMP3016\CW2\Yard_OpenGL-master\Yard_OpenGL\ConsoleApplication1\house.cpp(208,21): warning C4244: “参数”: 从“double”转换到“GLfloat”，可能丢失数据
D:\Plymouth\COMP3016\CW2\Yard_OpenGL-master\Yard_OpenGL\ConsoleApplication1\house.cpp(209,43): warning C4244: “参数”: 从“double”转换到“GLfloat”，可能丢失数据
D:\Plymouth\COMP3016\CW2\Yard_OpenGL-master\Yard_OpenGL\ConsoleApplication1\house.cpp(209,32): warning C4244: “参数”: 从“double”转换到“GLfloat”，可能丢失数据
D:\Plymouth\COMP3016\CW2\Yard_OpenGL-master\Yard_OpenGL\ConsoleApplication1\house.cpp(209,21): warning C4244: “参数”: 从“double”转换到“GLfloat”，可能丢失数据
D:\Plymouth\COMP3016\CW2\Yard_OpenGL-master\Yard_OpenGL\ConsoleApplication1\house.cpp(210,43): warning C4244: “参数”: 从“double”转换到“GLfloat”，可能丢失数据
D:\Plymouth\COMP3016\CW2\Yard_OpenGL-master\Yard_OpenGL\ConsoleApplication1\house.cpp(210,32): warning C4244: “参数”: 从“double”转换到“GLfloat”，可能丢失数据
D:\Plymouth\COMP3016\CW2\Yard_OpenGL-master\Yard_OpenGL\ConsoleApplication1\house.cpp(210,21): warning C4244: “参数”: 从“double”转换到“GLfloat”，可能丢失数据
D:\Plymouth\COMP3016\CW2\Yard_OpenGL-master\Yard_OpenGL\ConsoleApplication1\house.cpp(211,43): warning C4244: “参数”: 从“double”转换到“GLfloat”，可能丢失数据
D:\Plymouth\COMP3016\CW2\Yard_OpenGL-master\Yard_OpenGL\ConsoleApplication1\house.cpp(211,32): warning C4244: “参数”: 从“double”转换到“GLfloat”，可能丢失数据
D:\Plymouth\COMP3016\CW2\Yard_OpenGL-master\Yard_OpenGL\ConsoleApplication1\house.cpp(211,21): warning C4244: “参数”: 从“double”转换到“GLfloat”，可能丢失数据
D:\Plymouth\COMP3016\CW2\Yard_OpenGL-master\Yard_OpenGL\ConsoleApplication1\house.cpp(221,49): warning C4244: “参数”: 从“double”转换到“GLfloat”，可能丢失数据
D:\Plymouth\COMP3016\CW2\Yard_OpenGL-master\Yard_OpenGL\ConsoleApplication1\house.cpp(221,36): warning C4244: “参数”: 从“double”转换到“GLfloat”，可能丢失数据
D:\Plymouth\COMP3016\CW2\Yard_OpenGL-master\Yard_OpenGL\ConsoleApplication1\house.cpp(221,23): warning C4244: “参数”: 从“double”转换到“GLfloat”，可能丢失数据
D:\Plymouth\COMP3016\CW2\Yard_OpenGL-master\Yard_OpenGL\ConsoleApplication1\house.cpp(222,49): warning C4244: “参数”: 从“double”转换到“GLfloat”，可能丢失数据
D:\Plymouth\COMP3016\CW2\Yard_OpenGL-master\Yard_OpenGL\ConsoleApplication1\house.cpp(222,36): warning C4244: “参数”: 从“double”转换到“GLfloat”，可能丢失数据
D:\Plymouth\COMP3016\CW2\Yard_OpenGL-master\Yard_OpenGL\ConsoleApplication1\house.cpp(222,23): warning C4244: “参数”: 从“double”转换到“GLfloat”，可能丢失数据
D:\Plymouth\COMP3016\CW2\Yard_OpenGL-master\Yard_OpenGL\ConsoleApplication1\house.cpp(223,49): warning C4244: “参数”: 从“double”转换到“GLfloat”，可能丢失数据
D:\Plymouth\COMP3016\CW2\Yard_OpenGL-master\Yard_OpenGL\ConsoleApplication1\house.cpp(223,36): warning C4244: “参数”: 从“double”转换到“GLfloat”，可能丢失数据
D:\Plymouth\COMP3016\CW2\Yard_OpenGL-master\Yard_OpenGL\ConsoleApplication1\house.cpp(223,23): warning C4244: “参数”: 从“double”转换到“GLfloat”，可能丢失数据
D:\Plymouth\COMP3016\CW2\Yard_OpenGL-master\Yard_OpenGL\ConsoleApplication1\house.cpp(224,49): warning C4244: “参数”: 从“double”转换到“GLfloat”，可能丢失数据
D:\Plymouth\COMP3016\CW2\Yard_OpenGL-master\Yard_OpenGL\ConsoleApplication1\house.cpp(224,36): warning C4244: “参数”: 从“double”转换到“GLfloat”，可能丢失数据
D:\Plymouth\COMP3016\CW2\Yard_OpenGL-master\Yard_OpenGL\ConsoleApplication1\house.cpp(224,23): warning C4244: “参数”: 从“double”转换到“GLfloat”，可能丢失数据
D:\Plymouth\COMP3016\CW2\Yard_OpenGL-master\Yard_OpenGL\ConsoleApplication1\house.cpp(230,49): warning C4244: “参数”: 从“double”转换到“GLfloat”，可能丢失数据
D:\Plymouth\COMP3016\CW2\Yard_OpenGL-master\Yard_OpenGL\ConsoleApplication1\house.cpp(230,36): warning C4244: “参数”: 从“double”转换到“GLfloat”，可能丢失数据
D:\Plymouth\COMP3016\CW2\Yard_OpenGL-master\Yard_OpenGL\ConsoleApplication1\house.cpp(230,23): warning C4244: “参数”: 从“double”转换到“GLfloat”，可能丢失数据
D:\Plymouth\COMP3016\CW2\Yard_OpenGL-master\Yard_OpenGL\ConsoleApplication1\house.cpp(231,49): warning C4244: “参数”: 从“double”转换到“GLfloat”，可能丢失数据
D:\Plymouth\COMP3016\CW2\Yard_OpenGL-master\Yard_OpenGL\ConsoleApplication1\house.cpp(231,36): warning C4244: “参数”: 从“double”转换到“GLfloat”，可能丢失数据
D:\Plymouth\COMP3016\CW2\Yard_OpenGL-master\Yard_OpenGL\ConsoleApplication1\house.cpp(231,23): warning C4244: “参数”: 从“double”转换到“GLfloat”，可能丢失数据
D:\Plymouth\COMP3016\CW2\Yard_OpenGL-master\Yard_OpenGL\ConsoleApplication1\house.cpp(232,49): warning C4244: “参数”: 从“double”转换到“GLfloat”，可能丢失数据
D:\Plymouth\COMP3016\CW2\Yard_OpenGL-master\Yard_OpenGL\ConsoleApplication1\house.cpp(232,36): warning C4244: “参数”: 从“double”转换到“GLfloat”，可能丢失数据
D:\Plymouth\COMP3016\CW2\Yard_OpenGL-master\Yard_OpenGL\ConsoleApplication1\house.cpp(232,23): warning C4244: “参数”: 从“double”转换到“GLfloat”，可能丢失数据
D:\Plymouth\COMP3016\CW2\Yard_OpenGL-master\Yard_OpenGL\ConsoleApplication1\house.cpp(233,49): warning C4244: “参数”: 从“double”转换到“GLfloat”，可能丢失数据
D:\Plymouth\COMP3016\CW2\Yard_OpenGL-master\Yard_OpenGL\ConsoleApplication1\house.cpp(233,36): warning C4244: “参数”: 从“double”转换到“GLfloat”，可能丢失数据
D:\Plymouth\COMP3016\CW2\Yard_OpenGL-master\Yard_OpenGL\ConsoleApplication1\house.cpp(233,23): warning C4244: “参数”: 从“double”转换到“GLfloat”，可能丢失数据
D:\Plymouth\COMP3016\CW2\Yard_OpenGL-master\Yard_OpenGL\ConsoleApplication1\house.cpp(239,49): warning C4244: “参数”: 从“double”转换到“GLfloat”，可能丢失数据
D:\Plymouth\COMP3016\CW2\Yard_OpenGL-master\Yard_OpenGL\ConsoleApplication1\house.cpp(239,36): warning C4244: “参数”: 从“double”转换到“GLfloat”，可能丢失数据
D:\Plymouth\COMP3016\CW2\Yard_OpenGL-master\Yard_OpenGL\ConsoleApplication1\house.cpp(239,23): warning C4244: “参数”: 从“double”转换到“GLfloat”，可能丢失数据
D:\Plymouth\COMP3016\CW2\Yard_OpenGL-master\Yard_OpenGL\ConsoleApplication1\house.cpp(240,49): warning C4244: “参数”: 从“double”转换到“GLfloat”，可能丢失数据
D:\Plymouth\COMP3016\CW2\Yard_OpenGL-master\Yard_OpenGL\ConsoleApplication1\house.cpp(240,36): warning C4244: “参数”: 从“double”转换到“GLfloat”，可能丢失数据
D:\Plymouth\COMP3016\CW2\Yard_OpenGL-master\Yard_OpenGL\ConsoleApplication1\house.cpp(240,23): warning C4244: “参数”: 从“double”转换到“GLfloat”，可能丢失数据
D:\Plymouth\COMP3016\CW2\Yard_OpenGL-master\Yard_OpenGL\ConsoleApplication1\house.cpp(241,49): warning C4244: “参数”: 从“double”转换到“GLfloat”，可能丢失数据
D:\Plymouth\COMP3016\CW2\Yard_OpenGL-master\Yard_OpenGL\ConsoleApplication1\house.cpp(241,36): warning C4244: “参数”: 从“double”转换到“GLfloat”，可能丢失数据
D:\Plymouth\COMP3016\CW2\Yard_OpenGL-master\Yard_OpenGL\ConsoleApplication1\house.cpp(241,23): warning C4244: “参数”: 从“double”转换到“GLfloat”，可能丢失数据
D:\Plymouth\COMP3016\CW2\Yard_OpenGL-master\Yard_OpenGL\ConsoleApplication1\house.cpp(242,49): warning C4244: “参数”: 从“double”转换到“GLfloat”，可能丢失数据
D:\Plymouth\COMP3016\CW2\Yard_OpenGL-master\Yard_OpenGL\ConsoleApplication1\house.cpp(242,36): warning C4244: “参数”: 从“double”转换到“GLfloat”，可能丢失数据
D:\Plymouth\COMP3016\CW2\Yard_OpenGL-master\Yard_OpenGL\ConsoleApplication1\house.cpp(242,23): warning C4244: “参数”: 从“double”转换到“GLfloat”，可能丢失数据
D:\Plymouth\COMP3016\CW2\Yard_OpenGL-master\Yard_OpenGL\ConsoleApplication1\house.cpp(248,49): warning C4244: “参数”: 从“double”转换到“GLfloat”，可能丢失数据
D:\Plymouth\COMP3016\CW2\Yard_OpenGL-master\Yard_OpenGL\ConsoleApplication1\house.cpp(248,36): warning C4244: “参数”: 从“double”转换到“GLfloat”，可能丢失数据
D:\Plymouth\COMP3016\CW2\Yard_OpenGL-master\Yard_OpenGL\ConsoleApplication1\house.cpp(248,23): warning C4244: “参数”: 从“double”转换到“GLfloat”，可能丢失数据
D:\Plymouth\COMP3016\CW2\Yard_OpenGL-master\Yard_OpenGL\ConsoleApplication1\house.cpp(249,49): warning C4244: “参数”: 从“double”转换到“GLfloat”，可能丢失数据
D:\Plymouth\COMP3016\CW2\Yard_OpenGL-master\Yard_OpenGL\ConsoleApplication1\house.cpp(249,36): warning C4244: “参数”: 从“double”转换到“GLfloat”，可能丢失数据
D:\Plymouth\COMP3016\CW2\Yard_OpenGL-master\Yard_OpenGL\ConsoleApplication1\house.cpp(249,23): warning C4244: “参数”: 从“double”转换到“GLfloat”，可能丢失数据
D:\Plymouth\COMP3016\CW2\Yard_OpenGL-master\Yard_OpenGL\ConsoleApplication1\house.cpp(250,49): warning C4244: “参数”: 从“double”转换到“GLfloat”，可能丢失数据
D:\Plymouth\COMP3016\CW2\Yard_OpenGL-master\Yard_OpenGL\ConsoleApplication1\house.cpp(250,36): warning C4244: “参数”: 从“double”转换到“GLfloat”，可能丢失数据
D:\Plymouth\COMP3016\CW2\Yard_OpenGL-master\Yard_OpenGL\ConsoleApplication1\house.cpp(250,23): warning C4244: “参数”: 从“double”转换到“GLfloat”，可能丢失数据
D:\Plymouth\COMP3016\CW2\Yard_OpenGL-master\Yard_OpenGL\ConsoleApplication1\house.cpp(251,49): warning C4244: “参数”: 从“double”转换到“GLfloat”，可能丢失数据
D:\Plymouth\COMP3016\CW2\Yard_OpenGL-master\Yard_OpenGL\ConsoleApplication1\house.cpp(251,36): warning C4244: “参数”: 从“double”转换到“GLfloat”，可能丢失数据
D:\Plymouth\COMP3016\CW2\Yard_OpenGL-master\Yard_OpenGL\ConsoleApplication1\house.cpp(251,23): warning C4244: “参数”: 从“double”转换到“GLfloat”，可能丢失数据
D:\Plymouth\COMP3016\CW2\Yard_OpenGL-master\Yard_OpenGL\ConsoleApplication1\house.cpp(257,49): warning C4244: “参数”: 从“double”转换到“GLfloat”，可能丢失数据
D:\Plymouth\COMP3016\CW2\Yard_OpenGL-master\Yard_OpenGL\ConsoleApplication1\house.cpp(257,36): warning C4244: “参数”: 从“double”转换到“GLfloat”，可能丢失数据
D:\Plymouth\COMP3016\CW2\Yard_OpenGL-master\Yard_OpenGL\ConsoleApplication1\house.cpp(257,23): warning C4244: “参数”: 从“double”转换到“GLfloat”，可能丢失数据
D:\Plymouth\COMP3016\CW2\Yard_OpenGL-master\Yard_OpenGL\ConsoleApplication1\house.cpp(258,49): warning C4244: “参数”: 从“double”转换到“GLfloat”，可能丢失数据
D:\Plymouth\COMP3016\CW2\Yard_OpenGL-master\Yard_OpenGL\ConsoleApplication1\house.cpp(258,36): warning C4244: “参数”: 从“double”转换到“GLfloat”，可能丢失数据
D:\Plymouth\COMP3016\CW2\Yard_OpenGL-master\Yard_OpenGL\ConsoleApplication1\house.cpp(258,23): warning C4244: “参数”: 从“double”转换到“GLfloat”，可能丢失数据
D:\Plymouth\COMP3016\CW2\Yard_OpenGL-master\Yard_OpenGL\ConsoleApplication1\house.cpp(259,49): warning C4244: “参数”: 从“double”转换到“GLfloat”，可能丢失数据
D:\Plymouth\COMP3016\CW2\Yard_OpenGL-master\Yard_OpenGL\ConsoleApplication1\house.cpp(259,36): warning C4244: “参数”: 从“double”转换到“GLfloat”，可能丢失数据
D:\Plymouth\COMP3016\CW2\Yard_OpenGL-master\Yard_OpenGL\ConsoleApplication1\house.cpp(259,23): warning C4244: “参数”: 从“double”转换到“GLfloat”，可能丢失数据
D:\Plymouth\COMP3016\CW2\Yard_OpenGL-master\Yard_OpenGL\ConsoleApplication1\house.cpp(260,49): warning C4244: “参数”: 从“double”转换到“GLfloat”，可能丢失数据
D:\Plymouth\COMP3016\CW2\Yard_OpenGL-master\Yard_OpenGL\ConsoleApplication1\house.cpp(260,36): warning C4244: “参数”: 从“double”转换到“GLfloat”，可能丢失数据
D:\Plymouth\COMP3016\CW2\Yard_OpenGL-master\Yard_OpenGL\ConsoleApplication1\house.cpp(260,23): warning C4244: “参数”: 从“double”转换到“GLfloat”，可能丢失数据
D:\Plymouth\COMP3016\CW2\Yard_OpenGL-master\Yard_OpenGL\ConsoleApplication1\house.cpp(266,49): warning C4244: “参数”: 从“double”转换到“GLfloat”，可能丢失数据
D:\Plymouth\COMP3016\CW2\Yard_OpenGL-master\Yard_OpenGL\ConsoleApplication1\house.cpp(266,36): warning C4244: “参数”: 从“double”转换到“GLfloat”，可能丢失数据
D:\Plymouth\COMP3016\CW2\Yard_OpenGL-master\Yard_OpenGL\ConsoleApplication1\house.cpp(266,23): warning C4244: “参数”: 从“double”转换到“GLfloat”，可能丢失数据
D:\Plymouth\COMP3016\CW2\Yard_OpenGL-master\Yard_OpenGL\ConsoleApplication1\house.cpp(267,49): warning C4244: “参数”: 从“double”转换到“GLfloat”，可能丢失数据
D:\Plymouth\COMP3016\CW2\Yard_OpenGL-master\Yard_OpenGL\ConsoleApplication1\house.cpp(267,36): warning C4244: “参数”: 从“double”转换到“GLfloat”，可能丢失数据
D:\Plymouth\COMP3016\CW2\Yard_OpenGL-master\Yard_OpenGL\ConsoleApplication1\house.cpp(267,23): warning C4244: “参数”: 从“double”转换到“GLfloat”，可能丢失数据
D:\Plymouth\COMP3016\CW2\Yard_OpenGL-master\Yard_OpenGL\ConsoleApplication1\house.cpp(268,49): warning C4244: “参数”: 从“double”转换到“GLfloat”，可能丢失数据
D:\Plymouth\COMP3016\CW2\Yard_OpenGL-master\Yard_OpenGL\ConsoleApplication1\house.cpp(268,36): warning C4244: “参数”: 从“double”转换到“GLfloat”，可能丢失数据
D:\Plymouth\COMP3016\CW2\Yard_OpenGL-master\Yard_OpenGL\ConsoleApplication1\house.cpp(268,23): warning C4244: “参数”: 从“double”转换到“GLfloat”，可能丢失数据
D:\Plymouth\COMP3016\CW2\Yard_OpenGL-master\Yard_OpenGL\ConsoleApplication1\house.cpp(269,49): warning C4244: “参数”: 从“double”转换到“GLfloat”，可能丢失数据
D:\Plymouth\COMP3016\CW2\Yard_OpenGL-master\Yard_OpenGL\ConsoleApplication1\house.cpp(269,36): warning C4244: “参数”: 从“double”转换到“GLfloat”，可能丢失数据
D:\Plymouth\COMP3016\CW2\Yard_OpenGL-master\Yard_OpenGL\ConsoleApplication1\house.cpp(269,23): warning C4244: “参数”: 从“double”转换到“GLfloat”，可能丢失数据
D:\Plymouth\COMP3016\CW2\Yard_OpenGL-master\Yard_OpenGL\ConsoleApplication1\house.cpp(279,12): warning C4244: “参数”: 从“double”转换到“GLfloat”，可能丢失数据
D:\Plymouth\COMP3016\CW2\Yard_OpenGL-master\Yard_OpenGL\ConsoleApplication1\house.cpp(280,12): warning C4244: “参数”: 从“double”转换到“GLfloat”，可能丢失数据
D:\Plymouth\COMP3016\CW2\Yard_OpenGL-master\Yard_OpenGL\ConsoleApplication1\house.cpp(281,12): warning C4244: “参数”: 从“double”转换到“GLfloat”，可能丢失数据
D:\Plymouth\COMP3016\CW2\Yard_OpenGL-master\Yard_OpenGL\ConsoleApplication1\house.cpp(289,17): warning C4305: “参数”: 从“double”到“GLfloat”截断
D:\Plymouth\COMP3016\CW2\Yard_OpenGL-master\Yard_OpenGL\ConsoleApplication1\house.cpp(293,57): warning C4305: “初始化”: 从“double”到“GLfloat”截断
D:\Plymouth\COMP3016\CW2\Yard_OpenGL-master\Yard_OpenGL\ConsoleApplication1\house.cpp(645,23): warning C4305: “参数”: 从“double”到“GLfloat”截断
D:\Plymouth\COMP3016\CW2\Yard_OpenGL-master\Yard_OpenGL\ConsoleApplication1\house.cpp(653,17): warning C4305: “参数”: 从“double”到“GLfloat”截断
D:\Plymouth\COMP3016\CW2\Yard_OpenGL-master\Yard_OpenGL\ConsoleApplication1\house.cpp(662,17): warning C4305: “参数”: 从“double”到“GLfloat”截断
D:\Plymouth\COMP3016\CW2\Yard_OpenGL-master\Yard_OpenGL\ConsoleApplication1\house.cpp(676,17): warning C4305: “参数”: 从“double”到“GLfloat”截断
D:\Plymouth\COMP3016\CW2\Yard_OpenGL-master\Yard_OpenGL\ConsoleApplication1\house.cpp(680,21): warning C4305: “参数”: 从“double”到“GLfloat”截断
D:\Plymouth\COMP3016\CW2\Yard_OpenGL-master\Yard_OpenGL\ConsoleApplication1\house.cpp(690,18): warning C4305: “参数”: 从“double”到“GLfloat”截断
D:\Plymouth\COMP3016\CW2\Yard_OpenGL-master\Yard_OpenGL\ConsoleApplication1\house.cpp(694,18): warning C4305: “参数”: 从“double”到“GLfloat”截断
D:\Plymouth\COMP3016\CW2\Yard_OpenGL-master\Yard_OpenGL\ConsoleApplication1\house.cpp(701,18): warning C4305: “参数”: 从“double”到“GLfloat”截断
D:\Plymouth\COMP3016\CW2\Yard_OpenGL-master\Yard_OpenGL\ConsoleApplication1\house.cpp(704,18): warning C4305: “参数”: 从“double”到“GLfloat”截断
D:\Plymouth\COMP3016\CW2\Yard_OpenGL-master\Yard_OpenGL\ConsoleApplication1\house.cpp(707,18): warning C4305: “参数”: 从“double”到“GLfloat”截断
D:\Plymouth\COMP3016\CW2\Yard_OpenGL-master\Yard_OpenGL\ConsoleApplication1\house.cpp(710,18): warning C4305: “参数”: 从“double”到“GLfloat”截断
D:\Plymouth\COMP3016\CW2\Yard_OpenGL-master\Yard_OpenGL\ConsoleApplication1\house.cpp(713,18): warning C4305: “参数”: 从“double”到“GLfloat”截断
D:\Plymouth\COMP3016\CW2\Yard_OpenGL-master\Yard_OpenGL\ConsoleApplication1\house.cpp(742,18): warning C4305: “参数”: 从“double”到“GLfloat”截断
D:\Plymouth\COMP3016\CW2\Yard_OpenGL-master\Yard_OpenGL\ConsoleApplication1\house.cpp(745,18): warning C4305: “参数”: 从“double”到“GLfloat”截断
D:\Plymouth\COMP3016\CW2\Yard_OpenGL-master\Yard_OpenGL\ConsoleApplication1\house.cpp(770,18): warning C4305: “参数”: 从“double”到“GLfloat”截断
D:\Plymouth\COMP3016\CW2\Yard_OpenGL-master\Yard_OpenGL\ConsoleApplication1\house.cpp(773,18): warning C4305: “参数”: 从“double”到“GLfloat”截断
D:\Plymouth\COMP3016\CW2\Yard_OpenGL-master\Yard_OpenGL\ConsoleApplication1\house.cpp(783,17): warning C4305: “参数”: 从“double”到“GLfloat”截断
D:\Plymouth\COMP3016\CW2\Yard_OpenGL-master\Yard_OpenGL\ConsoleApplication1\house.cpp(786,17): warning C4305: “参数”: 从“double”到“GLfloat”截断
D:\Plymouth\COMP3016\CW2\Yard_OpenGL-master\Yard_OpenGL\ConsoleApplication1\house.cpp(789,17): warning C4305: “参数”: 从“double”到“GLfloat”截断
D:\Plymouth\COMP3016\CW2\Yard_OpenGL-master\Yard_OpenGL\ConsoleApplication1\house.cpp(796,18): warning C4305: “参数”: 从“double”到“GLfloat”截断
D:\Plymouth\COMP3016\CW2\Yard_OpenGL-master\Yard_OpenGL\ConsoleApplication1\house.cpp(799,18): warning C4305: “参数”: 从“double”到“GLfloat”截断
D:\Plymouth\COMP3016\CW2\Yard_OpenGL-master\Yard_OpenGL\ConsoleApplication1\house.cpp(802,18): warning C4305: “参数”: 从“double”到“GLfloat”截断
D:\Plymouth\COMP3016\CW2\Yard_OpenGL-master\Yard_OpenGL\ConsoleApplication1\house.cpp(810,18): warning C4305: “参数”: 从“double”到“GLfloat”截断
D:\Plymouth\COMP3016\CW2\Yard_OpenGL-master\Yard_OpenGL\ConsoleApplication1\house.cpp(815,19): warning C4305: “参数”: 从“double”到“GLfloat”截断
D:\Plymouth\COMP3016\CW2\Yard_OpenGL-master\Yard_OpenGL\ConsoleApplication1\house.cpp(833,24): warning C4305: “参数”: 从“double”到“GLfloat”截断
D:\Plymouth\COMP3016\CW2\Yard_OpenGL-master\Yard_OpenGL\ConsoleApplication1\house.cpp(851,44): warning C4305: “初始化”: 从“double”到“GLfloat”截断
D:\Plymouth\COMP3016\CW2\Yard_OpenGL-master\Yard_OpenGL\ConsoleApplication1\house.cpp(962,20): warning C4244: “=”: 从“double”转换到“GLfloat”，可能丢失数据
D:\Plymouth\COMP3016\CW2\Yard_OpenGL-master\Yard_OpenGL\ConsoleApplication1\house.cpp(969,20): warning C4244: “=”: 从“double”转换到“GLfloat”，可能丢失数据
D:\Plymouth\COMP3016\CW2\Yard_OpenGL-master\Yard_OpenGL\ConsoleApplication1\house.cpp(1107,24): warning C4244: “参数”: 从“GLfloat”转换到“int”，可能丢失数据
D:\Plymouth\COMP3016\CW2\Yard_OpenGL-master\Yard_OpenGL\ConsoleApplication1\house.cpp(1107,21): warning C4244: “参数”: 从“GLfloat”转换到“int”，可能丢失数据
  house.vcxproj -> D:\Plymouth\COMP3016\CW2\house\x64\Debug\house.exe
